<?xml version="1.0" encoding="UTF-8"?>
<!-- Generated by org.testng.reporters.JUnitReportReporter -->
<testsuite hostname="LAPTOP-ABQ76HDR" failures="0" tests="1" name="MyNew.tests.AppTest2" time="0.005" errors="0" timestamp="21 Jun 2020 05:41:05 GMT">
  <testcase classname="MyNew.tests.AppTest2" name="testApp" time="0.005"/>
</testsuite> <!-- MyNew.tests.AppTest2 -->
