<?xml version="1.0" encoding="UTF-8"?>
<!-- Generated by org.testng.reporters.JUnitReportReporter -->
<testsuite hostname="LAPTOP-ABQ76HDR" failures="0" tests="1" name="MyNew.tests.B" time="0.015" errors="0" timestamp="21 Jun 2020 17:09:21 GMT" skipped="0">
  <testcase classname="MyNew.tests.B" name="abc" time="0.015"/>
</testsuite> <!-- MyNew.tests.B -->
