<?xml version="1.0" encoding="UTF-8"?>
<!-- Generated by org.testng.reporters.JUnitReportReporter -->
<testsuite hostname="LAPTOP-ABQ76HDR" failures="0" tests="3" name="MyNew.tests.AppTest" time="0.028" errors="0" timestamp="21 Jun 2020 17:01:27 GMT" skipped="0">
  <testcase classname="MyNew.tests.AppTest" name="testCase1" time="0.023"/>
  <testcase classname="MyNew.tests.AppTest" name="testCase2" time="0.005"/>
  <testcase classname="MyNew.tests.AppTest" name="testCase3" time="0.000"/>
</testsuite> <!-- MyNew.tests.AppTest -->
