<?xml version="1.0" encoding="UTF-8"?>
<!-- Generated by org.testng.reporters.JUnitReportReporter -->
<testsuite hostname="LAPTOP-ABQ76HDR" failures="0" tests="3" name="MyNew.tests.AppTest2" time="0.001" errors="0" timestamp="21 Jun 2020 17:06:31 GMT" skipped="0">
  <testcase classname="MyNew.tests.AppTest2" name="testApp" time="0.000"/>
  <testcase classname="MyNew.tests.AppTest2" name="testCase2" time="0.000"/>
  <testcase classname="MyNew.tests.AppTest2" name="testCase3" time="0.001"/>
</testsuite> <!-- MyNew.tests.AppTest2 -->
